## ComfyUI-Manager: installing dependencies. (GitPython)
[2024-07-23 04:26] ## ComfyUI-Manager: installing dependencies done.
[2024-07-23 04:26] ** ComfyUI startup time: 2024-07-23 04:26:04.864338
[2024-07-23 04:26] ** Platform: Linux
[2024-07-23 04:26] ** Python version: 3.10.6 (main, Jul 15 2024, 04:15:22) [GCC 11.4.0]
[2024-07-23 04:26] ** Python executable: /root/.pyenv/versions/3.10.6/bin/python
[2024-07-23 04:26] ** ComfyUI Path: /src/ComfyUI
[2024-07-23 04:26] ** Log path: /src/comfyui.log
[2024-07-23 04:26] 
Prestartup times for custom nodes:
[2024-07-23 04:26]    0.0 seconds: /src/ComfyUI/custom_nodes/rgthree-comfy
[2024-07-23 04:26]    7.0 seconds: /src/ComfyUI/custom_nodes/ComfyUI-Manager
[2024-07-23 04:26] 
Total VRAM 22723 MB, total RAM 201298 MB
[2024-07-23 04:26] pytorch version: 2.3.1+cu121
[2024-07-23 04:26] Set vram state to: HIGH_VRAM
[2024-07-23 04:26] Device: cuda:0 NVIDIA A10 : cudaMallocAsync
[2024-07-23 04:26] Using pytorch cross attention
[2024-07-23 04:26] ### Loading: ComfyUI-Inspire-Pack (V0.82)
[2024-07-23 04:26] 
[2024-07-23 04:26] [92m[rgthree] Loaded 40 fantastic nodes.[0m
[2024-07-23 04:26] [92m[rgthree] Will use rgthree's optimized recursive execution.[0m
[2024-07-23 04:26] 
[2024-07-23 04:26] /src
[2024-07-23 04:26] ############################################
[2024-07-23 04:26] /src/custom_nodes/ComfyUI-NAI-styler/CSV
[2024-07-23 04:26] ############################################
[2024-07-23 04:26] []
[2024-07-23 04:26] ############################################
[2024-07-23 04:26] generated new fontManager
[2024-07-23 04:26] [36mEfficiency Nodes:[0m Attempting to add Control Net options to the 'HiRes-Fix Script' Node (comfyui_controlnet_aux add-on)...[92mSuccess![0m
[2024-07-23 04:26] [93mEfficiency Nodes Warning:[0m Failed to import python package 'simpleeval'; related nodes disabled.
[2024-07-23 04:26] 
[2024-07-23 04:26] [92m[Allor][0m: 0 nodes were overridden.
