## ComfyUI-Manager: installing dependencies. (GitPython)
[2024-07-27 10:11] ## ComfyUI-Manager: installing dependencies done.
[2024-07-27 10:11] ** ComfyUI startup time: 2024-07-27 10:11:29.290219
[2024-07-27 10:11] ** Platform: Linux
[2024-07-27 10:11] ** Python version: 3.10.6 (main, Jul 23 2024, 08:11:20) [GCC 11.4.0]
[2024-07-27 10:11] ** Python executable: /root/.pyenv/versions/3.10.6/bin/python
[2024-07-27 10:11] ** ComfyUI Path: /src/ComfyUI
[2024-07-27 10:11] ** Log path: /src/comfyui.log
[2024-07-27 10:11] 
Prestartup times for custom nodes:
[2024-07-27 10:11]    0.0 seconds: /src/ComfyUI/custom_nodes/rgthree-comfy
[2024-07-27 10:11]    6.5 seconds: /src/ComfyUI/custom_nodes/ComfyUI-Manager
[2024-07-27 10:11] 
Total VRAM 22723 MB, total RAM 201298 MB
[2024-07-27 10:11] pytorch version: 2.4.0+cu121
[2024-07-27 10:11] Set vram state to: HIGH_VRAM
[2024-07-27 10:11] Device: cuda:0 NVIDIA A10 : cudaMallocAsync
[2024-07-27 10:11] Using pytorch cross attention
[2024-07-27 10:11] /root/.pyenv/versions/3.10.6/lib/python3.10/site-packages/kornia/feature/lightglue.py:44: FutureWarning: `torch.cuda.amp.custom_fwd(args...)` is deprecated. Please use `torch.amp.custom_fwd(args..., device_type='cuda')` instead.
  @torch.cuda.amp.custom_fwd(cast_inputs=torch.float32)
[2024-07-27 10:11] [AnimateDiffEvo] - [0;31mERROR[0m - No motion models found. Please download one and place in: ['/src/ComfyUI/custom_nodes/ComfyUI-AnimateDiff-Evolved/models', '/src/ComfyUI/models/animatediff_models']
[2024-07-27 10:11] ### Loading: ComfyUI-Inspire-Pack (V0.82)
[2024-07-27 10:11] generated new fontManager
[2024-07-27 10:11] [VideoHelperSuite] - [0;33mWARNING[0m - Failed to import imageio_ffmpeg
[2024-07-27 10:11] [92m[tinyterraNodes] [32mLoaded[0m
[2024-07-27 10:11] 
[2024-07-27 10:11] [92m[rgthree] Loaded 40 exciting nodes.[0m
[2024-07-27 10:11] 
[2024-07-27 10:11] /src
[2024-07-27 10:11] ############################################
[2024-07-27 10:11] /src/custom_nodes/ComfyUI-NAI-styler/CSV
[2024-07-27 10:11] ############################################
[2024-07-27 10:11] []
[2024-07-27 10:11] ############################################
[2024-07-27 10:11] [36mEfficiency Nodes:[0m Attempting to add Control Net options to the 'HiRes-Fix Script' Node (comfyui_controlnet_aux add-on)...[92mSuccess![0m
[2024-07-27 10:11] [93mEfficiency Nodes Warning:[0m Failed to import python package 'simpleeval'; related nodes disabled.
[2024-07-27 10:11] 
[2024-07-27 10:11] [36;20m[custom_nodes.comfyui_controlnet_aux] | INFO -> Using ckpts path: /src/ComfyUI/custom_nodes/comfyui_controlnet_aux/ckpts[0m
[2024-07-27 10:11] [36;20m[custom_nodes.comfyui_controlnet_aux] | INFO -> Using symlinks: False[0m
[2024-07-27 10:11] [36;20m[custom_nodes.comfyui_controlnet_aux] | INFO -> Using ort providers: ['CUDAExecutionProvider', 'DirectMLExecutionProvider', 'OpenVINOExecutionProvider', 'ROCMExecutionProvider', 'CPUExecutionProvider', 'CoreMLExecutionProvider'][0m
[2024-07-27 10:11] ------------------------------------------
[2024-07-27 10:11] [34mComfyroll Studio v1.76 : [92m 175 Nodes Loaded[0m
[2024-07-27 10:11] ------------------------------------------
[2024-07-27 10:11] ** For changes, please see patch notes at https://github.com/Suzie1/ComfyUI_Comfyroll_CustomNodes/blob/main/Patch_Notes.md
[2024-07-27 10:11] ** For help, please see the wiki at https://github.com/Suzie1/ComfyUI_Comfyroll_CustomNodes/wiki
[2024-07-27 10:11] ------------------------------------------
[2024-07-27 10:11] Total VRAM 22723 MB, total RAM 201298 MB
[2024-07-27 10:11] pytorch version: 2.4.0+cu121
[2024-07-27 10:11] Set vram state to: HIGH_VRAM
[2024-07-27 10:11] Device: cuda:0 NVIDIA A10 : cudaMallocAsync
[2024-07-27 10:11] [0;33m[ReActor][0m - [38;5;173mSTATUS[0m - [0;32mRunning v0.5.1-a6 in ComfyUI[0m
[2024-07-27 10:11] Torch version: 2.4.0+cu121
[2024-07-27 10:11] [34mComfyUI HeadshotPro Nodes: [92mLoaded[0m
[2024-07-27 10:11] Please 'pip install xformers'
[2024-07-27 10:11] Please 'pip install apex'
[2024-07-27 10:11] Please 'pip install xformers'
[2024-07-27 10:11] ### Loading: ComfyUI-Impact-Pack (V5.18.13)
[2024-07-27 10:11] ### Loading: ComfyUI-Impact-Pack (Subpack: V0.6)
[2024-07-27 10:11] [Impact Pack] Wildcards loading done.
[2024-07-27 10:11] ### Loading: ComfyUI-Manager (V2.46.3)
[2024-07-27 10:11] ### ComfyUI Revision: UNKNOWN (The currently installed ComfyUI is not a Git repository)
[2024-07-27 10:11] [ComfyUI-Manager] default cache updated: https://raw.githubusercontent.com/ltdrdata/ComfyUI-Manager/main/alter-list.json
[2024-07-27 10:11] [ComfyUI-Manager] default cache updated: https://raw.githubusercontent.com/ltdrdata/ComfyUI-Manager/main/model-list.json
[2024-07-27 10:11] [ComfyUI-Manager] default cache updated: https://raw.githubusercontent.com/ltdrdata/ComfyUI-Manager/main/github-stats.json
[2024-07-27 10:11] [ComfyUI-Manager] default cache updated: https://raw.githubusercontent.com/ltdrdata/ComfyUI-Manager/main/extension-node-map.json
[2024-07-27 10:11] [ComfyUI-Manager] default cache updated: https://raw.githubusercontent.com/ltdrdata/ComfyUI-Manager/main/custom-node-list.json
[2024-07-27 10:11] no module 'xformers'. Processing without...
[2024-07-27 10:11] no module 'xformers'. Processing without...
[2024-07-27 10:11] [34mWAS Node Suite: [0mOpenCV Python FFMPEG support is enabled[0m
[2024-07-27 10:11] [34mWAS Node Suite [93mWarning: [0m`ffmpeg_bin_path` is not set in `/src/ComfyUI/custom_nodes/was-node-suite-comfyui/was_suite_config.json` config file. Will attempt to use system ffmpeg binaries if available.[0m
[2024-07-27 10:11] [34mWAS Node Suite: [0mFinished.[0m [32mLoaded[0m [0m217[0m [32mnodes successfully.[0m
[2024-07-27 10:11] 
	[3m[93m"Your time is limited, don't waste it living someone else's life."[0m[3m - Steve Jobs[0m
[2024-07-27 10:11] 
[2024-07-27 10:11] Traceback (most recent call last):
  File "/src/ComfyUI/nodes.py", line 1931, in load_custom_node
    module_spec.loader.exec_module(module)
  File "<frozen importlib._bootstrap_external>", line 883, in exec_module
  File "<frozen importlib._bootstrap>", line 241, in _call_with_frames_removed
  File "/src/ComfyUI/custom_nodes/ComfyUI-Dev-Utils/__init__.py", line 4, in <module>
    from .nodes.log_console import *
  File "/src/ComfyUI/custom_nodes/ComfyUI-Dev-Utils/nodes/log_console.py", line 10, in <module>
    from aiohttp_sse import sse_response, EventSourceResponse
ModuleNotFoundError: No module named 'aiohttp_sse'

[2024-07-27 10:11] Cannot import /src/ComfyUI/custom_nodes/ComfyUI-Dev-Utils module for custom nodes: No module named 'aiohttp_sse'
[2024-07-27 10:11] [34mFizzleDorf Custom Nodes: [92mLoaded[0m
[2024-07-27 10:11] 
Import times for custom nodes:
[2024-07-27 10:11]    0.0 seconds: /src/ComfyUI/custom_nodes/ComfyUI-HyperSDXL1StepUnetScheduler
[2024-07-27 10:11]    0.0 seconds: /src/ComfyUI/custom_nodes/comfyui-prompter-fofrai
[2024-07-27 10:11]    0.0 seconds: /src/ComfyUI/custom_nodes/style_aligned_comfy
[2024-07-27 10:11]    0.0 seconds: /src/ComfyUI/custom_nodes/attention-couple-ComfyUI
[2024-07-27 10:11]    0.0 seconds: /src/ComfyUI/custom_nodes/ComfyUI-IC-Light-Native
[2024-07-27 10:11]    0.0 seconds: /src/ComfyUI/custom_nodes/ComfyUI-Logic
[2024-07-27 10:11]    0.0 seconds: /src/ComfyUI/custom_nodes/ComfyUI-Universal-Styler
[2024-07-27 10:11]    0.0 seconds: /src/ComfyUI/custom_nodes/ComfyUI-BRIA_AI-RMBG
[2024-07-27 10:11]    0.0 seconds: /src/ComfyUI/custom_nodes/ComfyUI-post-processing-nodes
[2024-07-27 10:11]    0.0 seconds: /src/ComfyUI/custom_nodes/comfyui_jankhidiffusion
[2024-07-27 10:11]    0.0 seconds: /src/ComfyUI/custom_nodes/comfyui-tooling-nodes
[2024-07-27 10:11]    0.0 seconds: /src/ComfyUI/custom_nodes/masquerade-nodes-comfyui
[2024-07-27 10:11]    0.0 seconds (IMPORT FAILED): /src/ComfyUI/custom_nodes/ComfyUI-Dev-Utils
[2024-07-27 10:11]    0.0 seconds: /src/ComfyUI/custom_nodes/ComfyUI_IPAdapter_plus
[2024-07-27 10:11]    0.0 seconds: /src/ComfyUI/custom_nodes/ComfyUI-Kolors-MZ
[2024-07-27 10:11]    0.0 seconds: /src/ComfyUI/custom_nodes/ComfyUI-Custom-Scripts
[2024-07-27 10:11]    0.0 seconds: /src/ComfyUI/custom_nodes/ComfyUI-IC-Light
[2024-07-27 10:11]    0.0 seconds: /src/ComfyUI/custom_nodes/ComfyUI-VideoHelperSuite
[2024-07-27 10:11]    0.0 seconds: /src/ComfyUI/custom_nodes/ComfyMath
[2024-07-27 10:11]    0.0 seconds: /src/ComfyUI/custom_nodes/ComfyUI_UltimateSDUpscale
[2024-07-27 10:11]    0.0 seconds: /src/ComfyUI/custom_nodes/ComfyUI-Frame-Interpolation
[2024-07-27 10:11]    0.0 seconds: /src/ComfyUI/custom_nodes/Derfuu_ComfyUI_ModdedNodes
[2024-07-27 10:11]    0.0 seconds: /src/ComfyUI/custom_nodes/comfyui_controlnet_aux
[2024-07-27 10:11]    0.0 seconds: /src/ComfyUI/custom_nodes/rgthree-comfy
[2024-07-27 10:11]    0.0 seconds: /src/ComfyUI/custom_nodes/ComfyUI-Advanced-ControlNet
[2024-07-27 10:11]    0.0 seconds: /src/ComfyUI/custom_nodes/Comfy_KepListStuff
[2024-07-27 10:11]    0.0 seconds: /src/ComfyUI/custom_nodes/ComfyUI-Manager
[2024-07-27 10:11]    0.0 seconds: /src/ComfyUI/custom_nodes/ComfyUI-KJNodes
[2024-07-27 10:11]    0.0 seconds: /src/ComfyUI/custom_nodes/ComfyUI-PhotoMaker-Plus
[2024-07-27 10:11]    0.0 seconds: /src/ComfyUI/custom_nodes/ComfyUI-AnimateDiff-Evolved
[2024-07-27 10:11]    0.0 seconds: /src/ComfyUI/custom_nodes/ComfyUI_Comfyroll_CustomNodes
[2024-07-27 10:11]    0.0 seconds: /src/ComfyUI/custom_nodes/efficiency-nodes-comfyui
[2024-07-27 10:11]    0.0 seconds: /src/ComfyUI/custom_nodes/ComfyUI_tinyterraNodes
[2024-07-27 10:11]    0.0 seconds: /src/ComfyUI/custom_nodes/ComfyUI-Anyline
[2024-07-27 10:11]    0.1 seconds: /src/ComfyUI/custom_nodes/ComfyUI_essentials
[2024-07-27 10:11]    0.1 seconds: /src/ComfyUI/custom_nodes/ComfyUI-Inspire-Pack
[2024-07-27 10:11]    0.2 seconds: /src/ComfyUI/custom_nodes/comfyui_segment_anything
[2024-07-27 10:11]    0.2 seconds: /src/ComfyUI/custom_nodes/PuLID_ComfyUI
[2024-07-27 10:11]    0.5 seconds: /src/ComfyUI/custom_nodes/ComfyUI-Impact-Pack
[2024-07-27 10:11]    0.6 seconds: /src/ComfyUI/custom_nodes/ComfyUI-layerdiffuse
[2024-07-27 10:11]    0.7 seconds: /src/ComfyUI/custom_nodes/ComfyUI-HeadshotPro
[2024-07-27 10:11]    0.9 seconds: /src/ComfyUI/custom_nodes/ComfyUI_FizzNodes
[2024-07-27 10:11]    1.2 seconds: /src/ComfyUI/custom_nodes/ComfyUI-SUPIR
[2024-07-27 10:11]    1.3 seconds: /src/ComfyUI/custom_nodes/comfyui-reactor-node
[2024-07-27 10:11]    1.6 seconds: /src/ComfyUI/custom_nodes/was-node-suite-comfyui
[2024-07-27 10:11]    2.5 seconds: /src/ComfyUI/custom_nodes/ComfyUI_InstantID
[2024-07-27 10:11] 
[2024-07-27 10:11] Setting output directory to: /tmp/outputs
[2024-07-27 10:11] Setting input directory to: /tmp/inputs
[2024-07-27 10:11] Starting server

[2024-07-27 10:11] To see the GUI go to: http://127.0.0.1:8188
[2024-07-27 10:11] got prompt
[2024-07-27 10:11] Model already exists at /src/ComfyUI/custom_nodes/ComfyUI-HeadshotPro/nodes/../../../models/diffusers/683c8ba361a081f9ebaedb4b011e1e45, skipping download.
[2024-07-27 10:11] #1 [[HSP] Download Dreambooth Checkpoint]: 0.00s
[2024-07-27 10:11] #39 [LoadImage]: 0.03s
[2024-07-27 10:11] #15 [LoadImage]: 0.39s
[2024-07-27 10:11] Setting up models done
[2024-07-27 10:11] # 1. Load and resize both images
[2024-07-27 10:11]  # 2. Detect the faces in each image, calculate measurments 
[2024-07-27 10:12] # 5. Get face segmentation
[2024-07-27 10:13] # Create a mask where only the desired labels are True
[2024-07-27 10:13]  # 6. Generate an alpha mask for the face segmentation, and make into a mask 
[2024-07-27 10:13] # 7. Make white and compound background
[2024-07-27 10:13]  # 8. Make padded image
[2024-07-27 10:13]  # 9. Paste padding back
[2024-07-27 10:13]   # 10. Now get canny detection 
[2024-07-27 10:13] # 12. Return all control nets
[2024-07-27 10:13] #40 [[HSP] Load Canny Pose Face]: 75.50s
[2024-07-27 10:13] #41 [PreviewImage]: 0.02s
[2024-07-27 10:13] #52 [CannyEdgePreprocessor]: 0.02s
[2024-07-27 10:13] #53 [PreviewImage]: 0.01s
[2024-07-27 10:13] model_path is /src/ComfyUI/custom_nodes/comfyui_controlnet_aux/ckpts/lllyasviel/Annotators/body_pose_model.pth
[2024-07-27 10:13] model_path is /src/ComfyUI/custom_nodes/comfyui_controlnet_aux/ckpts/lllyasviel/Annotators/hand_pose_model.pth
[2024-07-27 10:13] model_path is /src/ComfyUI/custom_nodes/comfyui_controlnet_aux/ckpts/lllyasviel/Annotators/facenet.pth
[2024-07-27 10:13] #18 [OpenposePreprocessor]: 48.34s
[2024-07-27 10:13] #57 [PreviewImage]: 0.01s
[2024-07-27 10:13] input_blocks.1.0.skip_connection.weight down_blocks.0.resnets.0.conv_shortcut.weight
[2024-07-27 10:13] input_blocks.1.0.skip_connection.bias down_blocks.0.resnets.0.conv_shortcut.bias
[2024-07-27 10:13] input_blocks.2.0.skip_connection.weight down_blocks.0.resnets.1.conv_shortcut.weight
[2024-07-27 10:13] input_blocks.2.0.skip_connection.bias down_blocks.0.resnets.1.conv_shortcut.bias
[2024-07-27 10:13] input_blocks.5.0.skip_connection.weight down_blocks.1.resnets.1.conv_shortcut.weight
[2024-07-27 10:13] input_blocks.5.0.skip_connection.bias down_blocks.1.resnets.1.conv_shortcut.bias
[2024-07-27 10:13] input_blocks.8.0.skip_connection.weight down_blocks.2.resnets.1.conv_shortcut.weight
[2024-07-27 10:13] input_blocks.8.0.skip_connection.bias down_blocks.2.resnets.1.conv_shortcut.bias
[2024-07-27 10:13] input_blocks.10.0.skip_connection.weight down_blocks.3.resnets.0.conv_shortcut.weight
[2024-07-27 10:13] input_blocks.10.0.skip_connection.bias down_blocks.3.resnets.0.conv_shortcut.bias
[2024-07-27 10:13] input_blocks.11.0.skip_connection.weight down_blocks.3.resnets.1.conv_shortcut.weight
[2024-07-27 10:13] input_blocks.11.0.skip_connection.bias down_blocks.3.resnets.1.conv_shortcut.bias
[2024-07-27 10:13] input_blocks.12.0.op.weight down_blocks.3.downsamplers.0.conv.weight
[2024-07-27 10:13] input_blocks.12.0.op.bias down_blocks.3.downsamplers.0.conv.bias
[2024-07-27 10:13] middle_block.0.skip_connection.weight mid_block.resnets.0.conv_shortcut.weight
[2024-07-27 10:13] middle_block.0.skip_connection.bias mid_block.resnets.0.conv_shortcut.bias
[2024-07-27 10:13] middle_block.2.skip_connection.weight mid_block.resnets.1.conv_shortcut.weight
[2024-07-27 10:13] middle_block.2.skip_connection.bias mid_block.resnets.1.conv_shortcut.bias
[2024-07-27 10:13] output_blocks.11.2.conv.weight up_blocks.3.upsamplers.0.conv.weight
[2024-07-27 10:13] output_blocks.11.2.conv.bias up_blocks.3.upsamplers.0.conv.bias
[2024-07-27 10:13] label_emb.0.2.bias add_embedding.linear_2.bias
[2024-07-27 10:13] label_emb.0.2.bias class_embedding.linear_2.bias
[2024-07-27 10:13] label_emb.0.2.weight add_embedding.linear_2.weight
[2024-07-27 10:13] label_emb.0.0.bias class_embedding.linear_1.bias
[2024-07-27 10:13] label_emb.0.0.weight class_embedding.linear_1.weight
[2024-07-27 10:13] label_emb.0.2.weight class_embedding.linear_2.weight
[2024-07-27 10:13] label_emb.0.0.bias add_embedding.linear_1.bias
[2024-07-27 10:13] label_emb.0.0.weight add_embedding.linear_1.weight
[2024-07-27 10:13] model_type EPS
[2024-07-27 10:13] Warning torch.load doesn't support weights_only on this pytorch version, loading unsafely.
[2024-07-27 10:13] clip missing: ['text_projection.weight']
[2024-07-27 10:13] Using pytorch attention in VAE
[2024-07-27 10:13] Using pytorch attention in VAE
[2024-07-27 10:13] #16 [DiffusersLoader]: 2.03s
[2024-07-27 10:13] #5 [Lora Loader Stack (rgthree)]: 0.09s
[2024-07-27 10:13] Requested to load SD1ClipModel
[2024-07-27 10:13] Loading 1 new model
[2024-07-27 10:13] #8 [CLIPTextEncode]: 0.12s
[2024-07-27 10:13] #14 [ControlNetLoader]: 0.12s
[2024-07-27 10:13] #17 [ControlNetApply]: 0.00s
[2024-07-27 10:13] #46 [ControlNetLoader]: 0.32s
[2024-07-27 10:13] #47 [ControlNetApply]: 0.00s
[2024-07-27 10:13] #9 [CLIPTextEncode]: 0.03s
[2024-07-27 10:13] #11 [EmptyLatentImage]: 0.00s
[2024-07-27 10:13] Requested to load ControlNet
[2024-07-27 10:13] Requested to load BaseModel
[2024-07-27 10:13] Requested to load ControlNet
[2024-07-27 10:13] Loading 3 new models
[2024-07-27 10:14] 100%|██████████| 50/50 [00:40<00:00,  3.47it/s]100%|██████████| 50/50 [00:40<00:00,  1.24it/s]
[2024-07-27 10:14] #10 [KSampler]: 40.56s
[2024-07-27 10:14] Requested to load AutoencoderKL
[2024-07-27 10:14] Loading 1 new model
[2024-07-27 10:14] #12 [VAEDecode]: 8.21s
[2024-07-27 10:14] #60 [SaveImage]: 0.08s
[2024-07-27 10:14] Prompt executed in 175.89 seconds
